<?xml version="1.0" encoding="UTF-8"?>
<!-- Generated by org.testng.reporters.JUnitXMLReporter -->
<testsuite hostname="SAJambula2IN" ignored="0" name="BatchProcessTest" tests="2" failures="0" timestamp="2019-10-18T16:55:44 IST" time="0.016" errors="0">
  <testcase name="@BeforeClass launchAndLogin" time="0.0" classname="main.java.com.sumtotal.automation.pages.BasePage">
    <failure type="java.lang.NullPointerException">
      <![CDATA[java.lang.NullPointerException
at java.util.Objects.requireNonNull(Objects.java:203)
at org.openqa.selenium.support.ui.FluentWait.<init>(FluentWait.java:106)
at org.openqa.selenium.support.ui.WebDriverWait.<init>(WebDriverWait.java:85)
at org.openqa.selenium.support.ui.WebDriverWait.<init>(WebDriverWait.java:45)
at main.java.com.sumtotal.automation.pages.LoginPage.waiting(LoginPage.java:63)
at main.java.com.sumtotal.automation.pages.LoginPage.login(LoginPage.java:42)
at main.java.com.sumtotal.automation.pages.BasePage.launchAndLogin(BasePage.java:39)
... Removed 24 stack frames]]>
    </failure>
  </testcase> <!-- @BeforeClass launchAndLogin -->
  <testcase name="@AfterClass logout" time="-1.571397944845E9" classname="main.java.com.sumtotal.automation.pages.BasePage">
    <skipped/>
  </testcase> <!-- @AfterClass logout -->
  <testcase name="batchProcess" time="0.0" classname="test.java.com.sumtotal.automation.tests.BatchProcessTest">
    <skipped/>
  </testcase> <!-- batchProcess -->
  <testcase name="validateBatchProcess" time="0.0" classname="test.java.com.sumtotal.automation.tests.BatchProcessTest">
    <skipped/>
  </testcase> <!-- validateBatchProcess -->
</testsuite> <!-- BatchProcessTest -->
