<?xml version="1.0" encoding="UTF-8"?>
<!-- Generated by org.testng.reporters.JUnitXMLReporter -->
<testsuite hostname="SAJambula2IN" ignored="0" name="ReportingTest" tests="1" failures="0" timestamp="2019-10-18T16:36:10 IST" time="0.116" errors="0">
  <testcase name="@BeforeClass launchAndLogin" time="0.06" classname="main.java.com.sumtotal.automation.pages.BasePage">
    <failure type="java.lang.NullPointerException">
      <![CDATA[java.lang.NullPointerException
at java.util.Objects.requireNonNull(Objects.java:203)
at org.openqa.selenium.support.ui.FluentWait.<init>(FluentWait.java:106)
at org.openqa.selenium.support.ui.WebDriverWait.<init>(WebDriverWait.java:85)
at org.openqa.selenium.support.ui.WebDriverWait.<init>(WebDriverWait.java:45)
at main.java.com.sumtotal.automation.pages.LoginPage.waiting(LoginPage.java:63)
at main.java.com.sumtotal.automation.pages.LoginPage.login(LoginPage.java:42)
at main.java.com.sumtotal.automation.pages.BasePage.launchAndLogin(BasePage.java:39)
... Removed 24 stack frames]]>
    </failure>
  </testcase> <!-- @BeforeClass launchAndLogin -->
  <testcase name="@AfterClass logout" time="-1.571396770519E9" classname="main.java.com.sumtotal.automation.pages.BasePage">
    <skipped/>
  </testcase> <!-- @AfterClass logout -->
  <testcase name="navigatingToReports" time="0.0" classname="test.java.com.sumtotal.automation.tests.ReportingTest">
    <skipped/>
  </testcase> <!-- navigatingToReports -->
</testsuite> <!-- ReportingTest -->
